2025-03-02 13:37:08 [main] DEBUG TestNG - suiteXmlPath: "C:\Users\sanja\AppData\Local\JetBrains\IdeaIC2024.3\temp-testng-customsuite.xml"
2025-03-02 13:37:08 [main] WARN  Configuration - Detected a static method [gluecode.TestNGRunner.setupLogger()]. Static configuration methods can cause unexpected behavior.
2025-03-02 13:37:08 [main] INFO  Utils - [TestNG] Running:
  C:\Users\sanja\AppData\Local\JetBrains\IdeaIC2024.3\temp-testng-customsuite.xml

2025-03-02 13:40:25 [main] DEBUG TestNG - suiteXmlPath: "C:\Users\sanja\AppData\Local\JetBrains\IdeaIC2024.3\temp-testng-customsuite.xml"
2025-03-02 13:40:25 [main] WARN  Configuration - Detected a static method [gluecode.TestNGRunner.setupLogger()]. Static configuration methods can cause unexpected behavior.
2025-03-02 13:40:25 [main] INFO  Utils - [TestNG] Running:
  C:\Users\sanja\AppData\Local\JetBrains\IdeaIC2024.3\temp-testng-customsuite.xml

2025-03-02 13:44:33 [main] DEBUG TestNG - suiteXmlPath: "C:\Users\sanja\AppData\Local\JetBrains\IdeaIC2024.3\temp-testng-customsuite.xml"
2025-03-02 13:44:33 [main] WARN  Configuration - Detected a static method [gluecode.TestNGRunner.setupLogger()]. Static configuration methods can cause unexpected behavior.
2025-03-02 13:44:34 [main] INFO  Utils - [TestNG] Running:
  C:\Users\sanja\AppData\Local\JetBrains\IdeaIC2024.3\temp-testng-customsuite.xml

2025-03-02 13:47:27 [main] DEBUG TestNG - suiteXmlPath: "C:\Users\sanja\AppData\Local\JetBrains\IdeaIC2024.3\temp-testng-customsuite.xml"
2025-03-02 13:47:27 [main] WARN  Configuration - Detected a static method [gluecode.TestNGRunner.setupLogger()]. Static configuration methods can cause unexpected behavior.
2025-03-02 13:47:27 [main] INFO  Utils - [TestNG] Running:
  C:\Users\sanja\AppData\Local\JetBrains\IdeaIC2024.3\temp-testng-customsuite.xml

2025-03-02 13:47:30 [main] INFO  Hooks - ==== STARTING SCENARIO: Count total number of video feeds ====
2025-03-02 13:47:32 [main] INFO  BasePage - Navigating to News and Features sub menu
2025-03-02 13:47:34 [main] INFO  BasePage - verifying the landing page header: NEWS
2025-03-02 13:47:38 [main] INFO  Hooks - ==== ENDING SCENARIO: Count total number of video feeds ====
2025-03-02 13:47:40 [main] INFO  Hooks - ==== STARTING SCENARIO: Adding mens jackets price, title and message into txt file ====
2025-03-02 13:47:41 [main] INFO  BasePage - CLosing the popup and navigating to warriors shopping menu
2025-03-02 13:48:51 [main] INFO  Hooks - ==== ENDING SCENARIO: Adding mens jackets price, title and message into txt file ====
2025-03-02 13:50:17 [main] DEBUG TestNG - suiteXmlPath: "C:\Users\sanja\AppData\Local\JetBrains\IdeaIC2024.3\temp-testng-customsuite.xml"
2025-03-02 13:50:17 [main] WARN  Configuration - Detected a static method [gluecode.TestNGRunner.setupLogger()]. Static configuration methods can cause unexpected behavior.
2025-03-02 13:50:17 [main] INFO  Utils - [TestNG] Running:
  C:\Users\sanja\AppData\Local\JetBrains\IdeaIC2024.3\temp-testng-customsuite.xml

2025-03-02 13:50:20 [main] INFO  Hooks - ==== STARTING SCENARIO: Count total number of video feeds ====
2025-03-02 13:50:22 [main] INFO  BasePage - Navigating to News and Features sub menu
2025-03-02 13:50:28 [main] INFO  BasePage - verifying the landing page header: NEWS
2025-03-02 13:50:32 [main] INFO  Hooks - ==== ENDING SCENARIO: Count total number of video feeds ====
2025-03-02 13:50:34 [main] INFO  Hooks - ==== STARTING SCENARIO: Adding mens jackets price, title and message into txt file ====
2025-03-02 13:50:35 [main] INFO  BasePage - CLosing the popup and navigating to warriors shopping menu
2025-03-02 13:51:47 [main] INFO  Hooks - ==== ENDING SCENARIO: Adding mens jackets price, title and message into txt file ====
2025-03-02 13:53:33 [main] DEBUG TestNG - suiteXmlPath: "C:\Users\sanja\AppData\Local\JetBrains\IdeaIC2024.3\temp-testng-customsuite.xml"
2025-03-02 13:53:33 [main] WARN  Configuration - Detected a static method [gluecode.TestNGRunner.setupLogger()]. Static configuration methods can cause unexpected behavior.
2025-03-02 13:53:33 [main] INFO  Utils - [TestNG] Running:
  C:\Users\sanja\AppData\Local\JetBrains\IdeaIC2024.3\temp-testng-customsuite.xml

2025-03-02 13:53:37 [main] INFO  Hooks - ==== STARTING SCENARIO: Count total number of video feeds ====
2025-03-02 13:53:38 [main] INFO  BasePage - Navigating to News and Features sub menu
2025-03-02 13:53:43 [main] INFO  BasePage - verifying the landing page header: NEWS
2025-03-02 13:59:06 [main] DEBUG TestNG - suiteXmlPath: "C:\Users\sanja\AppData\Local\JetBrains\IdeaIC2024.3\temp-testng-customsuite.xml"
2025-03-02 13:59:07 [main] WARN  Configuration - Detected a static method [gluecode.TestNGRunner.setupLogger()]. Static configuration methods can cause unexpected behavior.
2025-03-02 13:59:07 [main] INFO  Utils - [TestNG] Running:
  C:\Users\sanja\AppData\Local\JetBrains\IdeaIC2024.3\temp-testng-customsuite.xml

2025-03-02 13:59:10 [main] INFO  Hooks - ==== STARTING SCENARIO: Count total number of video feeds ====
2025-03-02 13:59:12 [main] INFO  BasePage - Navigating to News and Features sub menu
2025-03-02 13:59:18 [main] INFO  BasePage - verifying the landing page header: NEWS
2025-03-02 13:59:37 [main] DEBUG TestNG - suiteXmlPath: "C:\Users\sanja\AppData\Local\JetBrains\IdeaIC2024.3\temp-testng-customsuite.xml"
2025-03-02 13:59:38 [main] WARN  Configuration - Detected a static method [gluecode.TestNGRunner.setupLogger()]. Static configuration methods can cause unexpected behavior.
2025-03-02 13:59:38 [main] INFO  Utils - [TestNG] Running:
  C:\Users\sanja\AppData\Local\JetBrains\IdeaIC2024.3\temp-testng-customsuite.xml

2025-03-02 14:03:41 [main] DEBUG TestNG - suiteXmlPath: "C:\Users\sanja\AppData\Local\JetBrains\IdeaIC2024.3\temp-testng-customsuite.xml"
2025-03-02 14:03:41 [main] WARN  Configuration - Detected a static method [gluecode.TestNGRunner.setupLogger()]. Static configuration methods can cause unexpected behavior.
2025-03-02 14:03:41 [main] INFO  Utils - [TestNG] Running:
  C:\Users\sanja\AppData\Local\JetBrains\IdeaIC2024.3\temp-testng-customsuite.xml

2025-03-02 14:12:38 [main] DEBUG TestNG - suiteXmlPath: "C:\Users\sanja\AppData\Local\JetBrains\IdeaIC2024.3\temp-testng-customsuite.xml"
2025-03-02 14:12:38 [main] WARN  Configuration - Detected a static method [gluecode.TestNGRunner.setupLogger()]. Static configuration methods can cause unexpected behavior.
2025-03-02 14:12:38 [main] INFO  Utils - [TestNG] Running:
  C:\Users\sanja\AppData\Local\JetBrains\IdeaIC2024.3\temp-testng-customsuite.xml

2025-03-02 14:15:53 [main] DEBUG TestNG - suiteXmlPath: "C:\Users\sanja\AppData\Local\JetBrains\IdeaIC2024.3\temp-testng-customsuite.xml"
2025-03-02 14:15:53 [main] WARN  Configuration - Detected a static method [gluecode.TestNGRunner.setupLogger()]. Static configuration methods can cause unexpected behavior.
2025-03-02 14:15:53 [main] INFO  Utils - [TestNG] Running:
  C:\Users\sanja\AppData\Local\JetBrains\IdeaIC2024.3\temp-testng-customsuite.xml

2025-03-02 14:21:49 [main] DEBUG TestNG - suiteXmlPath: "C:\Users\sanja\AppData\Local\JetBrains\IdeaIC2024.3\temp-testng-customsuite.xml"
2025-03-02 14:21:49 [main] WARN  Configuration - Detected a static method [gluecode.TestNGRunner.setupLogger()]. Static configuration methods can cause unexpected behavior.
2025-03-02 14:21:49 [main] INFO  Utils - [TestNG] Running:
  C:\Users\sanja\AppData\Local\JetBrains\IdeaIC2024.3\temp-testng-customsuite.xml

2025-03-02 14:23:49 [main] DEBUG TestNG - suiteXmlPath: "C:\Users\sanja\AppData\Local\JetBrains\IdeaIC2024.3\temp-testng-customsuite.xml"
2025-03-02 14:23:49 [main] WARN  Configuration - Detected a static method [gluecode.TestNGRunner.setupLogger()]. Static configuration methods can cause unexpected behavior.
2025-03-02 14:23:49 [main] INFO  Utils - [TestNG] Running:
  C:\Users\sanja\AppData\Local\JetBrains\IdeaIC2024.3\temp-testng-customsuite.xml

2025-03-02 14:27:40 [main] DEBUG TestNG - suiteXmlPath: "C:\Users\sanja\AppData\Local\JetBrains\IdeaIC2024.3\temp-testng-customsuite.xml"
2025-03-02 14:27:40 [main] WARN  Configuration - Detected a static method [gluecode.TestNGRunner.setupLogger()]. Static configuration methods can cause unexpected behavior.
2025-03-02 14:27:40 [main] INFO  Utils - [TestNG] Running:
  C:\Users\sanja\AppData\Local\JetBrains\IdeaIC2024.3\temp-testng-customsuite.xml

2025-03-02 14:30:13 [main] DEBUG TestNG - suiteXmlPath: "C:\Users\sanja\AppData\Local\JetBrains\IdeaIC2024.3\temp-testng-customsuite.xml"
2025-03-02 14:30:13 [main] INFO  Utils - [TestNG] Running:
  C:\Users\sanja\AppData\Local\JetBrains\IdeaIC2024.3\temp-testng-customsuite.xml

2025-03-02 14:32:21 [main] DEBUG TestNG - suiteXmlPath: "C:\Users\sanja\AppData\Local\JetBrains\IdeaIC2024.3\temp-testng-customsuite.xml"
2025-03-02 14:32:21 [main] INFO  Utils - [TestNG] Running:
  C:\Users\sanja\AppData\Local\JetBrains\IdeaIC2024.3\temp-testng-customsuite.xml

2025-03-02 14:58:20 [main] DEBUG TestNG - suiteXmlPath: "C:\Users\sanja\AppData\Local\JetBrains\IdeaIC2024.3\temp-testng-customsuite.xml"
2025-03-02 14:58:21 [main] INFO  Utils - [TestNG] Running:
  C:\Users\sanja\AppData\Local\JetBrains\IdeaIC2024.3\temp-testng-customsuite.xml

2025-03-02 15:02:10 [main] DEBUG TestNG - suiteXmlPath: "C:\Users\sanja\AppData\Local\JetBrains\IdeaIC2024.3\temp-testng-customsuite.xml"
2025-03-02 15:02:10 [main] INFO  Utils - [TestNG] Running:
  C:\Users\sanja\AppData\Local\JetBrains\IdeaIC2024.3\temp-testng-customsuite.xml

2025-03-02 15:25:20 [main] DEBUG TestNG - suiteXmlPath: "C:\Users\sanja\AppData\Local\JetBrains\IdeaIC2024.3\temp-testng-customsuite.xml"
2025-03-02 15:25:20 [main] INFO  Utils - [TestNG] Running:
  C:\Users\sanja\AppData\Local\JetBrains\IdeaIC2024.3\temp-testng-customsuite.xml

2025-03-02 15:31:16 [main] DEBUG TestNG - suiteXmlPath: "C:\Users\sanja\AppData\Local\JetBrains\IdeaIC2024.3\temp-testng-customsuite.xml"
2025-03-02 15:31:16 [main] INFO  Utils - [TestNG] Running:
  C:\Users\sanja\AppData\Local\JetBrains\IdeaIC2024.3\temp-testng-customsuite.xml

2025-03-02 15:41:41 [main] DEBUG TestNG - suiteXmlPath: "C:\Users\sanja\AppData\Local\JetBrains\IdeaIC2024.3\temp-testng-customsuite.xml"
2025-03-02 15:41:41 [main] INFO  Utils - [TestNG] Running:
  C:\Users\sanja\AppData\Local\JetBrains\IdeaIC2024.3\temp-testng-customsuite.xml

2025-03-02 15:52:31 [main] DEBUG TestNG - suiteXmlPath: "C:\Users\sanja\AppData\Local\JetBrains\IdeaIC2024.3\temp-testng-customsuite.xml"
2025-03-02 15:52:31 [main] INFO  Utils - [TestNG] Running:
  C:\Users\sanja\AppData\Local\JetBrains\IdeaIC2024.3\temp-testng-customsuite.xml

2025-03-02 15:56:02 [main] DEBUG TestNG - suiteXmlPath: "C:\Projects\Git\com.veeva.assignment\module2-warriors\testng.xml"
2025-03-02 15:56:02 [main] INFO  Utils - [TestNG] Running:
  C:\Projects\Git\com.veeva.assignment\module2-warriors\testng.xml

2025-03-02 15:59:12 [main] DEBUG TestNG - suiteXmlPath: "C:\Projects\Git\com.veeva.assignment\module2-warriors\testng.xml"
2025-03-02 15:59:12 [main] INFO  Utils - [TestNG] Running:
  C:\Projects\Git\com.veeva.assignment\module2-warriors\testng.xml

2025-03-02 16:12:39 [main] DEBUG TestNG - suiteXmlPath: "C:\Projects\Git\com.veeva.assignment\module2-warriors\testng.xml"
2025-03-02 16:12:39 [main] INFO  Utils - [TestNG] Running:
  C:\Projects\Git\com.veeva.assignment\module2-warriors\testng.xml

2025-03-02 16:14:54 [main] INFO  Utils - [TestNG] Running:
  C:\Projects\Git\com.veeva.assignment\module2-warriors\testng.xml

2025-03-02 16:28:27 [main] INFO  Utils - [TestNG] Running:
  C:\Projects\Git\com.veeva.assignment\module2-warriors\testng.xml

2025-03-02 17:55:28 [main] INFO  Utils - [TestNG] Running:
  C:\Projects\Git\com.veeva.assignment\module2-warriors\testng.xml

2025-03-02 17:59:03 [main] INFO  Utils - [TestNG] Running:
  C:\Projects\Git\com.veeva.assignment\module2-warriors\testng.xml

2025-03-02 18:18:45 [main] INFO  Utils - [TestNG] Running:
  C:\Projects\Git\com.veeva.assignment\module2-warriors\testng.xml

2025-03-02 18:18:47 [main] INFO  ReportParser - File 'target/cucumber-reports/cucumber.json' contains 2 feature(s)
2025-03-02 18:22:01 [main] INFO  Utils - [TestNG] Running:
  C:\Projects\Git\com.veeva.assignment\module2-warriors\testng.xml

2025-03-02 18:22:02 [main] INFO  ReportParser - File 'target/cucumber-reports/cucumber.json' contains 2 feature(s)
